<?xml version="1.0" encoding="UTF-8"?>
<!-- Generated by org.testng.reporters.JUnitReportReporter -->
<testsuite hostname="DESKTOP-166QVCJ" failures="0" tests="32" name="testcases.TC002" time="13.316" errors="0" timestamp="2021-02-23T14:18:41 IST" skipped="0">
  <testcase classname="testcases.TC002" name="itemsTextValidation" time="0.288"/>
  <system-out/>
  <testcase classname="testcases.TC002" name="itemsTextValidation" time="0.298"/>
  <system-out/>
  <testcase classname="testcases.TC002" name="itemsTextValidation" time="0.274"/>
  <system-out/>
  <testcase classname="testcases.TC002" name="itemsTextValidation" time="0.278"/>
  <system-out/>
  <testcase classname="testcases.TC002" name="itemsTextValidation" time="0.304"/>
  <system-out/>
  <testcase classname="testcases.TC002" name="itemsTextValidation" time="0.292"/>
  <system-out/>
  <testcase classname="testcases.TC002" name="itemsTextValidation" time="0.272"/>
  <system-out/>
  <testcase classname="testcases.TC002" name="itemsTextValidation" time="0.307"/>
  <system-out/>
  <testcase classname="testcases.TC002" name="itemsTextValidation" time="0.291"/>
  <system-out/>
  <testcase classname="testcases.TC002" name="itemsTextValidation" time="0.281"/>
  <system-out/>
  <testcase classname="testcases.TC002" name="itemsTextValidation" time="0.281"/>
  <system-out/>
  <testcase classname="testcases.TC002" name="itemsTextValidation" time="0.283"/>
  <system-out/>
  <testcase classname="testcases.TC002" name="itemsTextValidation" time="0.280"/>
  <system-out/>
  <testcase classname="testcases.TC002" name="itemsTextValidation" time="0.744"/>
  <system-out/>
  <testcase classname="testcases.TC002" name="itemsTextValidation" time="0.280"/>
  <system-out/>
  <testcase classname="testcases.TC002" name="itemsTextValidation" time="0.279"/>
  <system-out/>
  <testcase classname="testcases.TC002" name="itemsTextValidation" time="0.293"/>
  <system-out/>
  <testcase classname="testcases.TC002" name="addToCartButton" time="3.442"/>
  <system-out/>
  <testcase classname="testcases.TC002" name="itemsTextValidation" time="0.274"/>
  <system-out/>
  <testcase classname="testcases.TC002" name="itemsTextValidation" time="0.282"/>
  <system-out/>
  <testcase classname="testcases.TC002" name="itemsTextValidation" time="0.286"/>
  <system-out/>
  <testcase classname="testcases.TC002" name="itemsTextValidation" time="0.291"/>
  <system-out/>
  <testcase classname="testcases.TC002" name="itemsTextValidation" time="0.303"/>
  <system-out/>
  <testcase classname="testcases.TC002" name="itemsTextValidation" time="0.281"/>
  <system-out/>
  <testcase classname="testcases.TC002" name="itemsTextValidation" time="0.295"/>
  <system-out/>
  <testcase classname="testcases.TC002" name="itemsTextValidation" time="0.315"/>
  <system-out/>
  <testcase classname="testcases.TC002" name="itemsTextValidation" time="0.301"/>
  <system-out/>
  <testcase classname="testcases.TC002" name="itemsTextValidation" time="0.331"/>
  <system-out/>
  <testcase classname="testcases.TC002" name="imageValidation" time="0.720"/>
  <system-out/>
  <testcase classname="testcases.TC002" name="itemsTextValidation" time="0.306"/>
  <system-out/>
  <testcase classname="testcases.TC002" name="itemsTextValidation" time="0.283"/>
  <system-out/>
  <testcase classname="testcases.TC002" name="itemsTextValidation" time="0.281"/>
  <system-out/>
</testsuite> <!-- testcases.TC002 -->
