<?xml version="1.0" encoding="UTF-8"?>
<!-- Generated by org.testng.reporters.JUnitReportReporter -->
<testsuite hostname="DESKTOP-166QVCJ" failures="0" tests="4" name="testcases.TC001" time="1.058" errors="0" timestamp="2021-02-23T12:10:47 IST" skipped="0">
  <testcase classname="testcases.TC001" name="urlvalidation" time="0.010"/>
  <system-out/>
  <testcase classname="testcases.TC001" name="searchboxValidation1" time="0.765"/>
  <system-out/>
  <testcase classname="testcases.TC001" name="searchboxValidation2" time="0.272"/>
  <system-out/>
  <testcase classname="testcases.TC001" name="titleValidation" time="0.011"/>
  <system-out/>
</testsuite> <!-- testcases.TC001 -->
